{"name": "test_Chrome_options", "status": "failed", "statusDetails": {"message": "AssertionError: assert True == False", "trace": "def test_Chrome_options():\n        # Incognito mode -> history is not stored\n        chrome_options = Options()\n        chrome_options.add_argument(\"--incognito\")\n        chrome_options.add_argument(\"--start-maximized\")\n        chrome_options.add_argument(\"--headless\")\n    \n    \n        time.sleep(10)\n        driver = webdriver.Chrome(chrome_options)\n        driver.get(\"https://app.vwo.com/#/login\")\n    \n>       assert True == False\nE       assert True == False\n\nsrc\\ex_17102024\\test_Lab05.py:26: AssertionError"}, "start": 1729262427486, "stop": 1729262448265, "uuid": "4a85a877-463d-4541-9d36-509127f8af85", "historyId": "645c0db91676c660cc18e27ae29221fe", "testCaseId": "645c0db91676c660cc18e27ae29221fe", "fullName": "src.ex_17102024.test_Lab05#test_Chrome_options", "labels": [{"name": "parentSuite", "value": "src.ex_17102024"}, {"name": "suite", "value": "test_Lab05"}, {"name": "host", "value": "JyotsnaSree"}, {"name": "thread", "value": "18124-MainThread"}, {"name": "framework", "value": "pytest"}, {"name": "language", "value": "cpython3"}, {"name": "package", "value": "src.ex_17102024.test_Lab05"}]}